<?xml version="1.0" encoding="UTF-8"?>
<!-- Generated by org.testng.reporters.JUnitReportReporter -->
<testsuite hostname="WL-MS-743" failures="0" tests="1" name="com.api.tests.createUserPOSTAPIexternalJSONfile" time="1.540" errors="0" timestamp="2024-12-26T10:29:44 IST" skipped="0">
  <testcase classname="com.api.tests.createUserPOSTAPIexternalJSONfile" name="createUserPostAPIexternalJsonFile" time="1.540"/>
</testsuite> <!-- com.api.tests.createUserPOSTAPIexternalJSONfile -->
