<?xml version="1.0" encoding="UTF-8"?>
<!-- Generated by org.testng.reporters.JUnitReportReporter -->
<testsuite hostname="WL-MS-743" failures="0" tests="6" name="com.api.tests.E2EapiTestAllureReports" time="8.525" errors="0" timestamp="2025-01-31T22:47:42 IST" skipped="0">
  <testcase classname="com.api.tests.E2EapiTestAllureReports" name="createAuser" time="2.740"/>
  <testcase classname="com.api.tests.E2EapiTestAllureReports" name="verifyIfUserisCreated" time="1.429"/>
  <testcase classname="com.api.tests.E2EapiTestAllureReports" name="updateTheCreatedUser" time="1.047"/>
  <testcase classname="com.api.tests.E2EapiTestAllureReports" name="verifyIfUserisUpdated" time="1.348"/>
  <testcase classname="com.api.tests.E2EapiTestAllureReports" name="deleteTheCreatedUser" time="0.971"/>
  <testcase classname="com.api.tests.E2EapiTestAllureReports" name="verifyIfUserisDeleted" time="0.990"/>
</testsuite> <!-- com.api.tests.E2EapiTestAllureReports -->
