<?xml version="1.0" encoding="UTF-8"?>
<!-- Generated by org.testng.reporters.JUnitReportReporter -->
<testsuite hostname="WL-MS-743" failures="0" tests="5" name="com.api.tests.apachePOIexcel2" time="7.106" errors="0" timestamp="2025-01-09T09:20:29 IST" skipped="0">
  <testcase classname="com.api.tests.apachePOIexcel2" name="createUserPostAPIdataDrivenAutomationTest" time="1.126"/>
  <testcase classname="com.api.tests.apachePOIexcel2" name="createUserPostAPIdataDrivenAutomationTest" time="1.224"/>
  <testcase classname="com.api.tests.apachePOIexcel2" name="createUserPostAPIdataDrivenAutomationTest" time="1.133"/>
  <testcase classname="com.api.tests.apachePOIexcel2" name="createUserPostAPIdataDrivenAutomationTest" time="1.209"/>
  <testcase classname="com.api.tests.apachePOIexcel2" name="createUserPostAPIdataDrivenAutomationTest" time="2.414"/>
</testsuite> <!-- com.api.tests.apachePOIexcel2 -->
