<?xml version="1.0" encoding="UTF-8"?>
<!-- Generated by org.testng.reporters.JUnitReportReporter -->
<testsuite hostname="WL-MS-743" failures="0" tests="4" name="com.api.tests.createUserPOSTAPIDDTApproach3" time="3.633" errors="0" timestamp="2025-01-04T10:22:21 IST" skipped="0">
  <testcase classname="com.api.tests.createUserPOSTAPIDDTApproach3" name="createUserPostAPIdataDrivenAutomationTest" time="0.481"/>
  <testcase classname="com.api.tests.createUserPOSTAPIDDTApproach3" name="createUserPostAPIdataDrivenAutomationTest" time="2.044"/>
  <testcase classname="com.api.tests.createUserPOSTAPIDDTApproach3" name="createUserPostAPIdataDrivenAutomationTest" time="0.508"/>
  <testcase classname="com.api.tests.createUserPOSTAPIDDTApproach3" name="createUserPostAPIdataDrivenAutomationTest" time="0.600"/>
</testsuite> <!-- com.api.tests.createUserPOSTAPIDDTApproach3 -->
