<?xml version="1.0" encoding="UTF-8"?>
<!-- Generated by org.testng.reporters.JUnitReportReporter -->
<testsuite hostname="WL-MS-743" failures="0" tests="6" name="com.api.tests.apachePOIexcelDDT" time="7.577" errors="0" timestamp="2025-03-14T19:53:31 IST" skipped="0">
  <testcase classname="com.api.tests.apachePOIexcelDDT" name="createUserPostAPIdataDrivenAutomationTest" time="0.934"/>
  <testcase classname="com.api.tests.apachePOIexcelDDT" name="createUserPostAPIdataDrivenAutomationTest" time="0.884"/>
  <testcase classname="com.api.tests.apachePOIexcelDDT" name="createUserPostAPIdataDrivenAutomationTest" time="1.748"/>
  <testcase classname="com.api.tests.apachePOIexcelDDT" name="createUserPostAPIdataDrivenAutomationTest" time="1.589"/>
  <testcase classname="com.api.tests.apachePOIexcelDDT" name="createUserPostAPIdataDrivenAutomationTest" time="0.981"/>
  <testcase classname="com.api.tests.apachePOIexcelDDT" name="createUserPostAPIdataDrivenAutomationTest" time="1.441"/>
</testsuite> <!-- com.api.tests.apachePOIexcelDDT -->
