<?xml version="1.0" encoding="UTF-8"?>
<!-- Generated by org.testng.reporters.JUnitReportReporter -->
<testsuite hostname="WL-MS-743" failures="0" tests="4" name="com.api.tests.createUserPOSTAPIDDTFakerLibraryApproach1" time="5.859" errors="0" timestamp="2025-01-04T10:10:47 IST" skipped="0">
  <testcase classname="com.api.tests.createUserPOSTAPIDDTFakerLibraryApproach1" name="createUserPostAPIdataDrivenAutomationTest" time="0.842"/>
  <testcase classname="com.api.tests.createUserPOSTAPIDDTFakerLibraryApproach1" name="createUserPostAPIdataDrivenAutomationTest" time="2.934"/>
  <testcase classname="com.api.tests.createUserPOSTAPIDDTFakerLibraryApproach1" name="createUserPostAPIdataDrivenAutomationTest" time="0.848"/>
  <testcase classname="com.api.tests.createUserPOSTAPIDDTFakerLibraryApproach1" name="createUserPostAPIdataDrivenAutomationTest" time="1.235"/>
</testsuite> <!-- com.api.tests.createUserPOSTAPIDDTFakerLibraryApproach1 -->
