<?xml version="1.0" encoding="UTF-8"?>
<!-- Generated by org.testng.reporters.JUnitReportReporter -->
<testsuite hostname="WL-MS-743" failures="0" tests="1" name="com.api.tests.excelUtils" time="0.623" errors="0" timestamp="2025-01-07T13:44:43 IST" skipped="0">
  <testcase classname="com.api.tests.excelUtils" name="excelReadingWriting" time="0.623"/>
</testsuite> <!-- com.api.tests.excelUtils -->
