<?xml version="1.0" encoding="UTF-8"?>
<!-- Generated by org.testng.reporters.JUnitReportReporter -->
<testsuite hostname="WL-MS-743" failures="0" tests="1" name="com.api.tests.PRACTICE_XLUTILS" time="0.616" errors="0" timestamp="2025-01-08T08:52:09 IST" skipped="0">
  <testcase classname="com.api.tests.PRACTICE_XLUTILS" name="setCellData" time="0.616"/>
</testsuite> <!-- com.api.tests.PRACTICE_XLUTILS -->
