<?xml version="1.0" encoding="UTF-8"?>
<!-- Generated by org.testng.reporters.JUnitReportReporter -->
<testsuite hostname="WL-MS-743" failures="0" tests="1" name="com.api.tests.fileDownloadAPI" time="1.192" errors="0" timestamp="2025-01-10T09:10:06 IST" skipped="0">
  <testcase classname="com.api.tests.fileDownloadAPI" name="fileDownload" time="1.192"/>
</testsuite> <!-- com.api.tests.fileDownloadAPI -->
