<?xml version="1.0" encoding="UTF-8"?>
<!-- Generated by org.testng.reporters.JUnitReportReporter -->
<testsuite hostname="WL-MS-743" failures="0" tests="4" name="com.api.tests.createUserPOSTAPIDDTFakerLibraryApproach2" time="7.197" errors="0" timestamp="2025-01-04T10:13:31 IST" skipped="0">
  <testcase classname="com.api.tests.createUserPOSTAPIDDTFakerLibraryApproach2" name="createUserPostAPIdataDrivenAutomationTest" time="3.869"/>
  <testcase classname="com.api.tests.createUserPOSTAPIDDTFakerLibraryApproach2" name="createUserPostAPIdataDrivenAutomationTest" time="1.194"/>
  <testcase classname="com.api.tests.createUserPOSTAPIDDTFakerLibraryApproach2" name="createUserPostAPIdataDrivenAutomationTest" time="1.308"/>
  <testcase classname="com.api.tests.createUserPOSTAPIDDTFakerLibraryApproach2" name="createUserPostAPIdataDrivenAutomationTest" time="0.826"/>
</testsuite> <!-- com.api.tests.createUserPOSTAPIDDTFakerLibraryApproach2 -->
