<?xml version="1.0" encoding="UTF-8"?>
<!-- Generated by org.testng.reporters.JUnitReportReporter -->
<testsuite hostname="WL-MS-743" failures="0" tests="1" name="com.api.tests.TC09_UPDATE_USER_PATCH_API_TESTNG_PARAMETERS" time="2.618" errors="0" timestamp="2025-03-14T09:41:31 IST" skipped="0">
  <testcase classname="com.api.tests.TC09_UPDATE_USER_PATCH_API_TESTNG_PARAMETERS" name="createUserPostAPITestNGParameters" time="2.618"/>
</testsuite> <!-- com.api.tests.TC09_UPDATE_USER_PATCH_API_TESTNG_PARAMETERS -->
