<?xml version="1.0" encoding="UTF-8"?>
<!-- Generated by org.testng.reporters.JUnitReportReporter -->
<testsuite hostname="WL-MS-743" failures="0" tests="1" name="com.api.tests.createUserPostAPIHashMap" time="2.449" errors="0" timestamp="2024-12-25T13:56:15 IST" skipped="0">
  <testcase classname="com.api.tests.createUserPostAPIHashMap" name="createUserAPI" time="2.449"/>
</testsuite> <!-- com.api.tests.createUserPostAPIHashMap -->
