<?xml version="1.0" encoding="UTF-8"?>
<!-- Generated by org.testng.reporters.JUnitReportReporter -->
<testsuite hostname="WL-MS-743" failures="0" tests="4" name="com.api.tests.createUserPOSTAPIDDTFakerLibraryApproach2" time="5.315" errors="0" timestamp="2025-01-06T16:17:58 IST" skipped="0">
  <testcase classname="com.api.tests.createUserPOSTAPIDDTFakerLibraryApproach2" name="createUserPostAPIdataDrivenAutomationTest" time="2.544"/>
  <testcase classname="com.api.tests.createUserPOSTAPIDDTFakerLibraryApproach2" name="createUserPostAPIdataDrivenAutomationTest" time="0.716"/>
  <testcase classname="com.api.tests.createUserPOSTAPIDDTFakerLibraryApproach2" name="createUserPostAPIdataDrivenAutomationTest" time="1.010"/>
  <testcase classname="com.api.tests.createUserPOSTAPIDDTFakerLibraryApproach2" name="createUserPostAPIdataDrivenAutomationTest" time="1.045"/>
</testsuite> <!-- com.api.tests.createUserPOSTAPIDDTFakerLibraryApproach2 -->
