<?xml version="1.0" encoding="UTF-8"?>
<!-- Generated by org.testng.reporters.JUnitReportReporter -->
<testsuite hostname="WL-MS-743" failures="0" tests="1" name="com.api.tests.TC11_DELETE_USER_DELETE_API_TESTNG_PARAMETERS" time="3.242" errors="0" timestamp="2025-03-14T09:45:53 IST" skipped="0">
  <testcase classname="com.api.tests.TC11_DELETE_USER_DELETE_API_TESTNG_PARAMETERS" name="deleteUserDeleteAPITestNGParameters" time="3.242"/>
</testsuite> <!-- com.api.tests.TC11_DELETE_USER_DELETE_API_TESTNG_PARAMETERS -->
