<?xml version="1.0" encoding="UTF-8"?>
<!-- Generated by org.testng.reporters.JUnitReportReporter -->
<testsuite hostname="WL-MS-743" failures="0" tests="1" name="com.api.tests.basicAuthenticationAPItest" time="3.063" errors="0" timestamp="2025-01-12T10:54:42 IST" skipped="0">
  <testcase classname="com.api.tests.basicAuthenticationAPItest" name="basicAuthAPI" time="3.063"/>
</testsuite> <!-- com.api.tests.basicAuthenticationAPItest -->
