<?xml version="1.0" encoding="UTF-8"?>
<!-- Generated by org.testng.reporters.JUnitReportReporter -->
<testsuite hostname="WL-MS-743" failures="0" tests="1" name="com.api.tests.createUserPOSTAPIjsonObject" time="2.296" errors="0" timestamp="2024-12-26T10:13:17 IST" skipped="0">
  <testcase classname="com.api.tests.createUserPOSTAPIjsonObject" name="createUserPostAPIjsonObject" time="2.296"/>
</testsuite> <!-- com.api.tests.createUserPOSTAPIjsonObject -->
