<?xml version="1.0" encoding="UTF-8"?>
<!-- Generated by org.testng.reporters.JUnitReportReporter -->
<testsuite hostname="WL-MS-743" failures="0" tests="1" name="com.api.tests.createUserPOSTAPIDDTApproach4UsingParameters" time="2.085" errors="0" timestamp="2025-01-07T09:47:27 IST" skipped="0">
  <testcase classname="com.api.tests.createUserPOSTAPIDDTApproach4UsingParameters" name="createUserPostAPIdataDrivenAutomationTest" time="2.085"/>
</testsuite> <!-- com.api.tests.createUserPOSTAPIDDTApproach4UsingParameters -->
