<?xml version="1.0" encoding="UTF-8"?>
<!-- Generated by org.testng.reporters.JUnitReportReporter -->
<testsuite hostname="WL-MS-743" failures="0" tests="1" name="com.api.tests.fileUploadAPI" time="2.518" errors="0" timestamp="2025-01-07T12:40:50 IST" skipped="0">
  <testcase classname="com.api.tests.fileUploadAPI" name="fileUpload" time="2.518"/>
</testsuite> <!-- com.api.tests.fileUploadAPI -->
