<?xml version="1.0" encoding="UTF-8"?>
<!-- Generated by org.testng.reporters.JUnitReportReporter -->
<testsuite hostname="WL-MS-743" failures="0" tests="2" name="com.api.tests.apachePOIexcel" time="3.250" errors="0" timestamp="2025-01-09T09:12:09 IST" skipped="0">
  <testcase classname="com.api.tests.apachePOIexcel" name="createUserPostAPIdataDrivenAutomationTest" time="2.303"/>
  <testcase classname="com.api.tests.apachePOIexcel" name="createUserPostAPIdataDrivenAutomationTest" time="0.947"/>
</testsuite> <!-- com.api.tests.apachePOIexcel -->
