<?xml version="1.0" encoding="UTF-8"?>
<!-- Generated by org.testng.reporters.JUnitReportReporter -->
<testsuite hostname="WL-MS-743" failures="0" tests="1" name="com.api.tests.TC05_CREATE_USER_POST_API_TESTNG_PARAMETERS" time="2.751" errors="0" timestamp="2025-03-14T09:34:24 IST" skipped="0">
  <testcase classname="com.api.tests.TC05_CREATE_USER_POST_API_TESTNG_PARAMETERS" name="createUserPostAPITestNGParameters" time="2.751"/>
</testsuite> <!-- com.api.tests.TC05_CREATE_USER_POST_API_TESTNG_PARAMETERS -->
