<?xml version="1.0" encoding="UTF-8"?>
<!-- Generated by org.testng.reporters.JUnitReportReporter -->
<testsuite hostname="WL-MS-743" failures="0" tests="1" name="com.api.tests.deleteUserDeleteAPIDDTApproach4UsingParameters" time="1.497" errors="0" timestamp="2025-01-07T09:47:17 IST" skipped="0">
  <testcase classname="com.api.tests.deleteUserDeleteAPIDDTApproach4UsingParameters" name="deleteUser" time="1.497"/>
</testsuite> <!-- com.api.tests.deleteUserDeleteAPIDDTApproach4UsingParameters -->
