<?xml version="1.0" encoding="UTF-8"?>
<!-- Generated by org.testng.reporters.JUnitReportReporter -->
<testsuite hostname="WL-MS-743" failures="0" tests="1" name="com.api.tests.createUserPOSTAPIjavaFakerLibrary" time="2.674" errors="0" timestamp="2025-03-06T10:49:14 IST" skipped="0">
  <testcase classname="com.api.tests.createUserPOSTAPIjavaFakerLibrary" name="createUserPostAPIjsonObject" time="2.674"/>
</testsuite> <!-- com.api.tests.createUserPOSTAPIjavaFakerLibrary -->
