<?xml version="1.0" encoding="UTF-8"?>
<!-- Generated by org.testng.reporters.JUnitReportReporter -->
<testsuite hostname="WL-MS-743" failures="5" tests="5" name="com.api.tests.apachePOIexcelDDT" time="202.823" errors="0" timestamp="2025-01-10T09:00:36 IST" skipped="0">
  <testcase classname="com.api.tests.apachePOIexcelDDT" name="createUserPostAPIdataDrivenAutomationTest" time="39.095">
    <failure message="1 expectation failed.
Expected header &quot;Content-Type&quot; was not &quot;application/json; charset=utf-8&quot;, was &quot;text/html; charset=UTF-8&quot;. Headers are:
Date=Fri, 10 Jan 2025 03:29:59 GMT
Content-Type=text/html; charset=UTF-8
Content-Length=7066
Connection=keep-alive
Report-To={&quot;endpoints&quot;:[{&quot;url&quot;:&quot;https:\/\/a.nel.cloudflare.com\/report\/v4?s=TGjVCsPMh08EoRXboH5%2BtKnL4OYy5MvJ4EIhf9PSmxvp9bDa2yhZQ4xb8ivTdNfVyQZmkagukFMOvntWoiPPpeBZz%2FNEn1aTX95tqL2diToUs5fl4iWcRm0UIOKkGWc%3D&quot;}],&quot;group&quot;:&quot;cf-nel&quot;,&quot;max_age&quot;:604800}
NEL={&quot;success_fraction&quot;:0,&quot;report_to&quot;:&quot;cf-nel&quot;,&quot;max_age&quot;:604800}
X-Frame-Options=SAMEORIGIN
Referrer-Policy=same-origin
Cache-Control=private, max-age=0, no-store, no-cache, must-revalidate, post-check=0, pre-check=0
Expires=Thu, 01 Jan 1970 00:00:01 GMT
Server=cloudflare
CF-RAY=8ff9950728d90f8a-SIN
alt-svc=h3=&quot;:443&quot;; ma=86400
server-timing=cfL4;desc=&quot;?proto=TCP&amp;rtt=53469&amp;min_rtt=53393&amp;rtt_var=20175&amp;sent=4&amp;recv=6&amp;lost=0&amp;retrans=0&amp;sent_bytes=2693&amp;recv_bytes=1012&amp;delivery_rate=54068&amp;cwnd=147&amp;unsent_bytes=0&amp;cid=8243c5fce871ecaf&amp;ts=38968&amp;x=0&quot;
" type="java.lang.AssertionError">
      <![CDATA[java.lang.AssertionError: 1 expectation failed.
Expected header "Content-Type" was not "application/json; charset=utf-8", was "text/html; charset=UTF-8". Headers are:
Date=Fri, 10 Jan 2025 03:29:59 GMT
Content-Type=text/html; charset=UTF-8
Content-Length=7066
Connection=keep-alive
Report-To={"endpoints":[{"url":"https:\/\/a.nel.cloudflare.com\/report\/v4?s=TGjVCsPMh08EoRXboH5%2BtKnL4OYy5MvJ4EIhf9PSmxvp9bDa2yhZQ4xb8ivTdNfVyQZmkagukFMOvntWoiPPpeBZz%2FNEn1aTX95tqL2diToUs5fl4iWcRm0UIOKkGWc%3D"}],"group":"cf-nel","max_age":604800}
NEL={"success_fraction":0,"report_to":"cf-nel","max_age":604800}
X-Frame-Options=SAMEORIGIN
Referrer-Policy=same-origin
Cache-Control=private, max-age=0, no-store, no-cache, must-revalidate, post-check=0, pre-check=0
Expires=Thu, 01 Jan 1970 00:00:01 GMT
Server=cloudflare
CF-RAY=8ff9950728d90f8a-SIN
alt-svc=h3=":443"; ma=86400
server-timing=cfL4;desc="?proto=TCP&rtt=53469&min_rtt=53393&rtt_var=20175&sent=4&recv=6&lost=0&retrans=0&sent_bytes=2693&recv_bytes=1012&delivery_rate=54068&cwnd=147&unsent_bytes=0&cid=8243c5fce871ecaf&ts=38968&x=0"

at java.base/jdk.internal.reflect.NativeConstructorAccessorImpl.newInstance0(Native Method)
at java.base/jdk.internal.reflect.NativeConstructorAccessorImpl.newInstance(NativeConstructorAccessorImpl.java:77)
at java.base/jdk.internal.reflect.DelegatingConstructorAccessorImpl.newInstance(DelegatingConstructorAccessorImpl.java:45)
at java.base/java.lang.reflect.Constructor.newInstanceWithCaller(Constructor.java:499)
at java.base/java.lang.reflect.Constructor.newInstance(Constructor.java:480)
at org.codehaus.groovy.reflection.CachedConstructor.invoke(CachedConstructor.java:73)
at org.codehaus.groovy.runtime.callsite.ConstructorSite$ConstructorSiteNoUnwrapNoCoerce.callConstructor(ConstructorSite.java:108)
at org.codehaus.groovy.runtime.callsite.AbstractCallSite.callConstructor(AbstractCallSite.java:277)
at io.restassured.internal.ResponseSpecificationImpl$HamcrestAssertionClosure.validate(ResponseSpecificationImpl.groovy:512)
at io.restassured.internal.ResponseSpecificationImpl$HamcrestAssertionClosure$validate$1.call(Unknown Source)
at io.restassured.internal.ResponseSpecificationImpl.validateResponseIfRequired(ResponseSpecificationImpl.groovy:696)
at io.restassured.internal.ResponseSpecificationImpl.this$2$validateResponseIfRequired(ResponseSpecificationImpl.groovy)
at java.base/jdk.internal.reflect.NativeMethodAccessorImpl.invoke0(Native Method)
at java.base/jdk.internal.reflect.NativeMethodAccessorImpl.invoke(NativeMethodAccessorImpl.java:77)
at java.base/jdk.internal.reflect.DelegatingMethodAccessorImpl.invoke(DelegatingMethodAccessorImpl.java:43)
at java.base/java.lang.reflect.Method.invoke(Method.java:568)
at org.codehaus.groovy.runtime.callsite.PlainObjectMetaMethodSite.doInvoke(PlainObjectMetaMethodSite.java:43)
at org.codehaus.groovy.runtime.callsite.PogoMetaMethodSite$PogoCachedMethodSiteNoUnwrapNoCoerce.invoke(PogoMetaMethodSite.java:198)
at org.codehaus.groovy.runtime.callsite.PogoMetaMethodSite.callCurrent(PogoMetaMethodSite.java:62)
at org.codehaus.groovy.runtime.callsite.AbstractCallSite.callCurrent(AbstractCallSite.java:185)
at io.restassured.internal.ResponseSpecificationImpl.header(ResponseSpecificationImpl.groovy:191)
at io.restassured.specification.ResponseSpecification$header$0.callCurrent(Unknown Source)
at io.restassured.internal.ResponseSpecificationImpl.header(ResponseSpecificationImpl.groovy:198)
at io.restassured.internal.ValidatableResponseOptionsImpl.header(ValidatableResponseOptionsImpl.java:124)
at com.api.tests.apachePOIexcelDDT.createUserPostAPIdataDrivenAutomationTest(apachePOIexcelDDT.java:48)
at java.base/jdk.internal.reflect.NativeMethodAccessorImpl.invoke0(Native Method)
at java.base/jdk.internal.reflect.NativeMethodAccessorImpl.invoke(NativeMethodAccessorImpl.java:77)
at java.base/jdk.internal.reflect.DelegatingMethodAccessorImpl.invoke(DelegatingMethodAccessorImpl.java:43)
at java.base/java.lang.reflect.Method.invoke(Method.java:568)
at org.testng.internal.invokers.MethodInvocationHelper.invokeMethod(MethodInvocationHelper.java:141)
at org.testng.internal.invokers.TestInvoker.invokeMethod(TestInvoker.java:686)
at org.testng.internal.invokers.TestInvoker.invokeTestMethod(TestInvoker.java:230)
at org.testng.internal.invokers.MethodRunner.runInSequence(MethodRunner.java:63)
at org.testng.internal.invokers.TestInvoker$MethodInvocationAgent.invoke(TestInvoker.java:992)
at org.testng.internal.invokers.TestInvoker.invokeTestMethods(TestInvoker.java:203)
at org.testng.internal.invokers.TestMethodWorker.invokeTestMethods(TestMethodWorker.java:154)
at org.testng.internal.invokers.TestMethodWorker.run(TestMethodWorker.java:134)
at java.base/java.util.ArrayList.forEach(ArrayList.java:1511)
at org.testng.TestRunner.privateRun(TestRunner.java:739)
at org.testng.TestRunner.run(TestRunner.java:614)
at org.testng.SuiteRunner.runTest(SuiteRunner.java:421)
at org.testng.SuiteRunner.runSequentially(SuiteRunner.java:413)
at org.testng.SuiteRunner.privateRun(SuiteRunner.java:373)
at org.testng.SuiteRunner.run(SuiteRunner.java:312)
at org.testng.SuiteRunnerWorker.runSuite(SuiteRunnerWorker.java:52)
at org.testng.SuiteRunnerWorker.run(SuiteRunnerWorker.java:95)
at org.testng.TestNG.runSuitesSequentially(TestNG.java:1274)
at org.testng.TestNG.runSuitesLocally(TestNG.java:1208)
at org.testng.TestNG.runSuites(TestNG.java:1112)
at org.testng.TestNG.run(TestNG.java:1079)
at org.testng.remote.AbstractRemoteTestNG.run(AbstractRemoteTestNG.java:115)
at org.testng.remote.RemoteTestNG.initAndRun(RemoteTestNG.java:293)
at org.testng.remote.RemoteTestNG.main(RemoteTestNG.java:91)
]]>
    </failure>
  </testcase> <!-- createUserPostAPIdataDrivenAutomationTest -->
  <testcase classname="com.api.tests.apachePOIexcelDDT" name="createUserPostAPIdataDrivenAutomationTest" time="39.228">
    <failure message="1 expectation failed.
Expected header &quot;Content-Type&quot; was not &quot;application/json; charset=utf-8&quot;, was &quot;text/html; charset=UTF-8&quot;. Headers are:
Date=Fri, 10 Jan 2025 03:30:38 GMT
Content-Type=text/html; charset=UTF-8
Content-Length=7066
Connection=keep-alive
Report-To={&quot;endpoints&quot;:[{&quot;url&quot;:&quot;https:\/\/a.nel.cloudflare.com\/report\/v4?s=kRwhu8ctPuowLlosB%2BAjUO%2BhYSxv0Vbmb%2BvqsCICoxsVneAVElhwbk3SH0xtCZqff6W0aX7H1ZeA6KIdic5vuzT3KjLvo2GkWyWfEmCtbWT7cDrMLv8dHbs5vada5wA%3D&quot;}],&quot;group&quot;:&quot;cf-nel&quot;,&quot;max_age&quot;:604800}
NEL={&quot;success_fraction&quot;:0,&quot;report_to&quot;:&quot;cf-nel&quot;,&quot;max_age&quot;:604800}
X-Frame-Options=SAMEORIGIN
Referrer-Policy=same-origin
Cache-Control=private, max-age=0, no-store, no-cache, must-revalidate, post-check=0, pre-check=0
Expires=Thu, 01 Jan 1970 00:00:01 GMT
Server=cloudflare
CF-RAY=8ff995fbaedbf908-SIN
alt-svc=h3=&quot;:443&quot;; ma=86400
server-timing=cfL4;desc=&quot;?proto=TCP&amp;rtt=55927&amp;min_rtt=53677&amp;rtt_var=19582&amp;sent=4&amp;recv=5&amp;lost=0&amp;retrans=0&amp;sent_bytes=2691&amp;recv_bytes=1010&amp;delivery_rate=40852&amp;cwnd=144&amp;unsent_bytes=0&amp;cid=35d14e72dc7acc59&amp;ts=39089&amp;x=0&quot;
" type="java.lang.AssertionError">
      <![CDATA[java.lang.AssertionError: 1 expectation failed.
Expected header "Content-Type" was not "application/json; charset=utf-8", was "text/html; charset=UTF-8". Headers are:
Date=Fri, 10 Jan 2025 03:30:38 GMT
Content-Type=text/html; charset=UTF-8
Content-Length=7066
Connection=keep-alive
Report-To={"endpoints":[{"url":"https:\/\/a.nel.cloudflare.com\/report\/v4?s=kRwhu8ctPuowLlosB%2BAjUO%2BhYSxv0Vbmb%2BvqsCICoxsVneAVElhwbk3SH0xtCZqff6W0aX7H1ZeA6KIdic5vuzT3KjLvo2GkWyWfEmCtbWT7cDrMLv8dHbs5vada5wA%3D"}],"group":"cf-nel","max_age":604800}
NEL={"success_fraction":0,"report_to":"cf-nel","max_age":604800}
X-Frame-Options=SAMEORIGIN
Referrer-Policy=same-origin
Cache-Control=private, max-age=0, no-store, no-cache, must-revalidate, post-check=0, pre-check=0
Expires=Thu, 01 Jan 1970 00:00:01 GMT
Server=cloudflare
CF-RAY=8ff995fbaedbf908-SIN
alt-svc=h3=":443"; ma=86400
server-timing=cfL4;desc="?proto=TCP&rtt=55927&min_rtt=53677&rtt_var=19582&sent=4&recv=5&lost=0&retrans=0&sent_bytes=2691&recv_bytes=1010&delivery_rate=40852&cwnd=144&unsent_bytes=0&cid=35d14e72dc7acc59&ts=39089&x=0"

at java.base/jdk.internal.reflect.NativeConstructorAccessorImpl.newInstance0(Native Method)
at java.base/jdk.internal.reflect.NativeConstructorAccessorImpl.newInstance(NativeConstructorAccessorImpl.java:77)
at java.base/jdk.internal.reflect.DelegatingConstructorAccessorImpl.newInstance(DelegatingConstructorAccessorImpl.java:45)
at java.base/java.lang.reflect.Constructor.newInstanceWithCaller(Constructor.java:499)
at java.base/java.lang.reflect.Constructor.newInstance(Constructor.java:480)
at org.codehaus.groovy.reflection.CachedConstructor.invoke(CachedConstructor.java:73)
at org.codehaus.groovy.runtime.callsite.ConstructorSite$ConstructorSiteNoUnwrapNoCoerce.callConstructor(ConstructorSite.java:108)
at org.codehaus.groovy.runtime.callsite.AbstractCallSite.callConstructor(AbstractCallSite.java:277)
at io.restassured.internal.ResponseSpecificationImpl$HamcrestAssertionClosure.validate(ResponseSpecificationImpl.groovy:512)
at io.restassured.internal.ResponseSpecificationImpl$HamcrestAssertionClosure$validate$1.call(Unknown Source)
at io.restassured.internal.ResponseSpecificationImpl.validateResponseIfRequired(ResponseSpecificationImpl.groovy:696)
at io.restassured.internal.ResponseSpecificationImpl.this$2$validateResponseIfRequired(ResponseSpecificationImpl.groovy)
at java.base/jdk.internal.reflect.NativeMethodAccessorImpl.invoke0(Native Method)
at java.base/jdk.internal.reflect.NativeMethodAccessorImpl.invoke(NativeMethodAccessorImpl.java:77)
at java.base/jdk.internal.reflect.DelegatingMethodAccessorImpl.invoke(DelegatingMethodAccessorImpl.java:43)
at java.base/java.lang.reflect.Method.invoke(Method.java:568)
at org.codehaus.groovy.runtime.callsite.PlainObjectMetaMethodSite.doInvoke(PlainObjectMetaMethodSite.java:43)
at org.codehaus.groovy.runtime.callsite.PogoMetaMethodSite$PogoCachedMethodSiteNoUnwrapNoCoerce.invoke(PogoMetaMethodSite.java:198)
at org.codehaus.groovy.runtime.callsite.PogoMetaMethodSite.callCurrent(PogoMetaMethodSite.java:62)
at org.codehaus.groovy.runtime.callsite.AbstractCallSite.callCurrent(AbstractCallSite.java:185)
at io.restassured.internal.ResponseSpecificationImpl.header(ResponseSpecificationImpl.groovy:191)
at io.restassured.specification.ResponseSpecification$header$0.callCurrent(Unknown Source)
at io.restassured.internal.ResponseSpecificationImpl.header(ResponseSpecificationImpl.groovy:198)
at io.restassured.internal.ValidatableResponseOptionsImpl.header(ValidatableResponseOptionsImpl.java:124)
at com.api.tests.apachePOIexcelDDT.createUserPostAPIdataDrivenAutomationTest(apachePOIexcelDDT.java:48)
at java.base/jdk.internal.reflect.NativeMethodAccessorImpl.invoke0(Native Method)
at java.base/jdk.internal.reflect.NativeMethodAccessorImpl.invoke(NativeMethodAccessorImpl.java:77)
at java.base/jdk.internal.reflect.DelegatingMethodAccessorImpl.invoke(DelegatingMethodAccessorImpl.java:43)
at java.base/java.lang.reflect.Method.invoke(Method.java:568)
at org.testng.internal.invokers.MethodInvocationHelper.invokeMethod(MethodInvocationHelper.java:141)
at org.testng.internal.invokers.TestInvoker.invokeMethod(TestInvoker.java:686)
at org.testng.internal.invokers.TestInvoker.invokeTestMethod(TestInvoker.java:230)
at org.testng.internal.invokers.MethodRunner.runInSequence(MethodRunner.java:63)
at org.testng.internal.invokers.TestInvoker$MethodInvocationAgent.invoke(TestInvoker.java:992)
at org.testng.internal.invokers.TestInvoker.invokeTestMethods(TestInvoker.java:203)
at org.testng.internal.invokers.TestMethodWorker.invokeTestMethods(TestMethodWorker.java:154)
at org.testng.internal.invokers.TestMethodWorker.run(TestMethodWorker.java:134)
at java.base/java.util.ArrayList.forEach(ArrayList.java:1511)
at org.testng.TestRunner.privateRun(TestRunner.java:739)
at org.testng.TestRunner.run(TestRunner.java:614)
at org.testng.SuiteRunner.runTest(SuiteRunner.java:421)
at org.testng.SuiteRunner.runSequentially(SuiteRunner.java:413)
at org.testng.SuiteRunner.privateRun(SuiteRunner.java:373)
at org.testng.SuiteRunner.run(SuiteRunner.java:312)
at org.testng.SuiteRunnerWorker.runSuite(SuiteRunnerWorker.java:52)
at org.testng.SuiteRunnerWorker.run(SuiteRunnerWorker.java:95)
at org.testng.TestNG.runSuitesSequentially(TestNG.java:1274)
at org.testng.TestNG.runSuitesLocally(TestNG.java:1208)
at org.testng.TestNG.runSuites(TestNG.java:1112)
at org.testng.TestNG.run(TestNG.java:1079)
at org.testng.remote.AbstractRemoteTestNG.run(AbstractRemoteTestNG.java:115)
at org.testng.remote.RemoteTestNG.initAndRun(RemoteTestNG.java:293)
at org.testng.remote.RemoteTestNG.main(RemoteTestNG.java:91)
]]>
    </failure>
  </testcase> <!-- createUserPostAPIdataDrivenAutomationTest -->
  <testcase classname="com.api.tests.apachePOIexcelDDT" name="createUserPostAPIdataDrivenAutomationTest" time="39.936">
    <failure message="1 expectation failed.
Expected header &quot;Content-Type&quot; was not &quot;application/json; charset=utf-8&quot;, was &quot;text/html; charset=UTF-8&quot;. Headers are:
Date=Fri, 10 Jan 2025 03:28:41 GMT
Content-Type=text/html; charset=UTF-8
Content-Length=7066
Connection=keep-alive
Report-To={&quot;endpoints&quot;:[{&quot;url&quot;:&quot;https:\/\/a.nel.cloudflare.com\/report\/v4?s=9tVKg8q6nXyfuYjzFjX9bW2Fepcd%2Fj%2FbJ1vZbqDf9YERMRkvZObup8virJ%2Bn30JFvpHOWMqqDxOF8HckDE4kSx0%2Fo0flT3uS7p5M6wOUFTiqsr6dQM3qiupKfFz%2F%2Fb4%3D&quot;}],&quot;group&quot;:&quot;cf-nel&quot;,&quot;max_age&quot;:604800}
NEL={&quot;success_fraction&quot;:0,&quot;report_to&quot;:&quot;cf-nel&quot;,&quot;max_age&quot;:604800}
X-Frame-Options=SAMEORIGIN
Referrer-Policy=same-origin
Cache-Control=private, max-age=0, no-store, no-cache, must-revalidate, post-check=0, pre-check=0
Expires=Thu, 01 Jan 1970 00:00:01 GMT
Server=cloudflare
CF-RAY=8ff9931c6b05e246-MRS
alt-svc=h3=&quot;:443&quot;; ma=86400
server-timing=cfL4;desc=&quot;?proto=TCP&amp;rtt=264487&amp;min_rtt=261992&amp;rtt_var=100029&amp;sent=4&amp;recv=6&amp;lost=0&amp;retrans=0&amp;sent_bytes=2692&amp;recv_bytes=1018&amp;delivery_rate=11145&amp;cwnd=164&amp;unsent_bytes=0&amp;cid=11d8a3cf03559907&amp;ts=39374&amp;x=0&quot;
" type="java.lang.AssertionError">
      <![CDATA[java.lang.AssertionError: 1 expectation failed.
Expected header "Content-Type" was not "application/json; charset=utf-8", was "text/html; charset=UTF-8". Headers are:
Date=Fri, 10 Jan 2025 03:28:41 GMT
Content-Type=text/html; charset=UTF-8
Content-Length=7066
Connection=keep-alive
Report-To={"endpoints":[{"url":"https:\/\/a.nel.cloudflare.com\/report\/v4?s=9tVKg8q6nXyfuYjzFjX9bW2Fepcd%2Fj%2FbJ1vZbqDf9YERMRkvZObup8virJ%2Bn30JFvpHOWMqqDxOF8HckDE4kSx0%2Fo0flT3uS7p5M6wOUFTiqsr6dQM3qiupKfFz%2F%2Fb4%3D"}],"group":"cf-nel","max_age":604800}
NEL={"success_fraction":0,"report_to":"cf-nel","max_age":604800}
X-Frame-Options=SAMEORIGIN
Referrer-Policy=same-origin
Cache-Control=private, max-age=0, no-store, no-cache, must-revalidate, post-check=0, pre-check=0
Expires=Thu, 01 Jan 1970 00:00:01 GMT
Server=cloudflare
CF-RAY=8ff9931c6b05e246-MRS
alt-svc=h3=":443"; ma=86400
server-timing=cfL4;desc="?proto=TCP&rtt=264487&min_rtt=261992&rtt_var=100029&sent=4&recv=6&lost=0&retrans=0&sent_bytes=2692&recv_bytes=1018&delivery_rate=11145&cwnd=164&unsent_bytes=0&cid=11d8a3cf03559907&ts=39374&x=0"

at java.base/jdk.internal.reflect.NativeConstructorAccessorImpl.newInstance0(Native Method)
at java.base/jdk.internal.reflect.NativeConstructorAccessorImpl.newInstance(NativeConstructorAccessorImpl.java:77)
at java.base/jdk.internal.reflect.DelegatingConstructorAccessorImpl.newInstance(DelegatingConstructorAccessorImpl.java:45)
at java.base/java.lang.reflect.Constructor.newInstanceWithCaller(Constructor.java:499)
at java.base/java.lang.reflect.Constructor.newInstance(Constructor.java:480)
at org.codehaus.groovy.reflection.CachedConstructor.invoke(CachedConstructor.java:73)
at org.codehaus.groovy.runtime.callsite.ConstructorSite$ConstructorSiteNoUnwrapNoCoerce.callConstructor(ConstructorSite.java:108)
at org.codehaus.groovy.runtime.callsite.AbstractCallSite.callConstructor(AbstractCallSite.java:277)
at io.restassured.internal.ResponseSpecificationImpl$HamcrestAssertionClosure.validate(ResponseSpecificationImpl.groovy:512)
at io.restassured.internal.ResponseSpecificationImpl$HamcrestAssertionClosure$validate$1.call(Unknown Source)
at io.restassured.internal.ResponseSpecificationImpl.validateResponseIfRequired(ResponseSpecificationImpl.groovy:696)
at io.restassured.internal.ResponseSpecificationImpl.this$2$validateResponseIfRequired(ResponseSpecificationImpl.groovy)
at java.base/jdk.internal.reflect.NativeMethodAccessorImpl.invoke0(Native Method)
at java.base/jdk.internal.reflect.NativeMethodAccessorImpl.invoke(NativeMethodAccessorImpl.java:77)
at java.base/jdk.internal.reflect.DelegatingMethodAccessorImpl.invoke(DelegatingMethodAccessorImpl.java:43)
at java.base/java.lang.reflect.Method.invoke(Method.java:568)
at org.codehaus.groovy.runtime.callsite.PlainObjectMetaMethodSite.doInvoke(PlainObjectMetaMethodSite.java:43)
at org.codehaus.groovy.runtime.callsite.PogoMetaMethodSite$PogoCachedMethodSiteNoUnwrapNoCoerce.invoke(PogoMetaMethodSite.java:198)
at org.codehaus.groovy.runtime.callsite.PogoMetaMethodSite.callCurrent(PogoMetaMethodSite.java:62)
at org.codehaus.groovy.runtime.callsite.AbstractCallSite.callCurrent(AbstractCallSite.java:185)
at io.restassured.internal.ResponseSpecificationImpl.header(ResponseSpecificationImpl.groovy:191)
at io.restassured.specification.ResponseSpecification$header$0.callCurrent(Unknown Source)
at io.restassured.internal.ResponseSpecificationImpl.header(ResponseSpecificationImpl.groovy:198)
at io.restassured.internal.ValidatableResponseOptionsImpl.header(ValidatableResponseOptionsImpl.java:124)
at com.api.tests.apachePOIexcelDDT.createUserPostAPIdataDrivenAutomationTest(apachePOIexcelDDT.java:48)
at java.base/jdk.internal.reflect.NativeMethodAccessorImpl.invoke0(Native Method)
at java.base/jdk.internal.reflect.NativeMethodAccessorImpl.invoke(NativeMethodAccessorImpl.java:77)
at java.base/jdk.internal.reflect.DelegatingMethodAccessorImpl.invoke(DelegatingMethodAccessorImpl.java:43)
at java.base/java.lang.reflect.Method.invoke(Method.java:568)
at org.testng.internal.invokers.MethodInvocationHelper.invokeMethod(MethodInvocationHelper.java:141)
at org.testng.internal.invokers.TestInvoker.invokeMethod(TestInvoker.java:686)
at org.testng.internal.invokers.TestInvoker.invokeTestMethod(TestInvoker.java:230)
at org.testng.internal.invokers.MethodRunner.runInSequence(MethodRunner.java:63)
at org.testng.internal.invokers.TestInvoker$MethodInvocationAgent.invoke(TestInvoker.java:992)
at org.testng.internal.invokers.TestInvoker.invokeTestMethods(TestInvoker.java:203)
at org.testng.internal.invokers.TestMethodWorker.invokeTestMethods(TestMethodWorker.java:154)
at org.testng.internal.invokers.TestMethodWorker.run(TestMethodWorker.java:134)
at java.base/java.util.ArrayList.forEach(ArrayList.java:1511)
at org.testng.TestRunner.privateRun(TestRunner.java:739)
at org.testng.TestRunner.run(TestRunner.java:614)
at org.testng.SuiteRunner.runTest(SuiteRunner.java:421)
at org.testng.SuiteRunner.runSequentially(SuiteRunner.java:413)
at org.testng.SuiteRunner.privateRun(SuiteRunner.java:373)
at org.testng.SuiteRunner.run(SuiteRunner.java:312)
at org.testng.SuiteRunnerWorker.runSuite(SuiteRunnerWorker.java:52)
at org.testng.SuiteRunnerWorker.run(SuiteRunnerWorker.java:95)
at org.testng.TestNG.runSuitesSequentially(TestNG.java:1274)
at org.testng.TestNG.runSuitesLocally(TestNG.java:1208)
at org.testng.TestNG.runSuites(TestNG.java:1112)
at org.testng.TestNG.run(TestNG.java:1079)
at org.testng.remote.AbstractRemoteTestNG.run(AbstractRemoteTestNG.java:115)
at org.testng.remote.RemoteTestNG.initAndRun(RemoteTestNG.java:293)
at org.testng.remote.RemoteTestNG.main(RemoteTestNG.java:91)
]]>
    </failure>
  </testcase> <!-- createUserPostAPIdataDrivenAutomationTest -->
  <testcase classname="com.api.tests.apachePOIexcelDDT" name="createUserPostAPIdataDrivenAutomationTest" time="39.065">
    <failure message="1 expectation failed.
Expected header &quot;Content-Type&quot; was not &quot;application/json; charset=utf-8&quot;, was &quot;text/html; charset=UTF-8&quot;. Headers are:
Date=Fri, 10 Jan 2025 03:29:20 GMT
Content-Type=text/html; charset=UTF-8
Content-Length=7066
Connection=keep-alive
Report-To={&quot;endpoints&quot;:[{&quot;url&quot;:&quot;https:\/\/a.nel.cloudflare.com\/report\/v4?s=hU54uTrICHHrsLoWsi7g75LDoHmSLzf0m6anOHlGtMb2Iesx%2FO9a4ZlJqAd15jiUfzbDa6WzzWgD4ENVCa4N06D%2FkmwgpFchMH4EC06OLLry58chqvq%2BconASzKQGj0%3D&quot;}],&quot;group&quot;:&quot;cf-nel&quot;,&quot;max_age&quot;:604800}
NEL={&quot;success_fraction&quot;:0,&quot;report_to&quot;:&quot;cf-nel&quot;,&quot;max_age&quot;:604800}
X-Frame-Options=SAMEORIGIN
Referrer-Policy=same-origin
Cache-Control=private, max-age=0, no-store, no-cache, must-revalidate, post-check=0, pre-check=0
Expires=Thu, 01 Jan 1970 00:00:01 GMT
Server=cloudflare
CF-RAY=8ff994131e1e9cf4-SIN
alt-svc=h3=&quot;:443&quot;; ma=86400
server-timing=cfL4;desc=&quot;?proto=TCP&amp;rtt=50812&amp;min_rtt=50534&amp;rtt_var=19506&amp;sent=4&amp;recv=6&amp;lost=0&amp;retrans=0&amp;sent_bytes=2693&amp;recv_bytes=1016&amp;delivery_rate=55344&amp;cwnd=139&amp;unsent_bytes=0&amp;cid=f13481cda1c504c6&amp;ts=38927&amp;x=0&quot;
" type="java.lang.AssertionError">
      <![CDATA[java.lang.AssertionError: 1 expectation failed.
Expected header "Content-Type" was not "application/json; charset=utf-8", was "text/html; charset=UTF-8". Headers are:
Date=Fri, 10 Jan 2025 03:29:20 GMT
Content-Type=text/html; charset=UTF-8
Content-Length=7066
Connection=keep-alive
Report-To={"endpoints":[{"url":"https:\/\/a.nel.cloudflare.com\/report\/v4?s=hU54uTrICHHrsLoWsi7g75LDoHmSLzf0m6anOHlGtMb2Iesx%2FO9a4ZlJqAd15jiUfzbDa6WzzWgD4ENVCa4N06D%2FkmwgpFchMH4EC06OLLry58chqvq%2BconASzKQGj0%3D"}],"group":"cf-nel","max_age":604800}
NEL={"success_fraction":0,"report_to":"cf-nel","max_age":604800}
X-Frame-Options=SAMEORIGIN
Referrer-Policy=same-origin
Cache-Control=private, max-age=0, no-store, no-cache, must-revalidate, post-check=0, pre-check=0
Expires=Thu, 01 Jan 1970 00:00:01 GMT
Server=cloudflare
CF-RAY=8ff994131e1e9cf4-SIN
alt-svc=h3=":443"; ma=86400
server-timing=cfL4;desc="?proto=TCP&rtt=50812&min_rtt=50534&rtt_var=19506&sent=4&recv=6&lost=0&retrans=0&sent_bytes=2693&recv_bytes=1016&delivery_rate=55344&cwnd=139&unsent_bytes=0&cid=f13481cda1c504c6&ts=38927&x=0"

at java.base/jdk.internal.reflect.NativeConstructorAccessorImpl.newInstance0(Native Method)
at java.base/jdk.internal.reflect.NativeConstructorAccessorImpl.newInstance(NativeConstructorAccessorImpl.java:77)
at java.base/jdk.internal.reflect.DelegatingConstructorAccessorImpl.newInstance(DelegatingConstructorAccessorImpl.java:45)
at java.base/java.lang.reflect.Constructor.newInstanceWithCaller(Constructor.java:499)
at java.base/java.lang.reflect.Constructor.newInstance(Constructor.java:480)
at org.codehaus.groovy.reflection.CachedConstructor.invoke(CachedConstructor.java:73)
at org.codehaus.groovy.runtime.callsite.ConstructorSite$ConstructorSiteNoUnwrapNoCoerce.callConstructor(ConstructorSite.java:108)
at org.codehaus.groovy.runtime.callsite.AbstractCallSite.callConstructor(AbstractCallSite.java:277)
at io.restassured.internal.ResponseSpecificationImpl$HamcrestAssertionClosure.validate(ResponseSpecificationImpl.groovy:512)
at io.restassured.internal.ResponseSpecificationImpl$HamcrestAssertionClosure$validate$1.call(Unknown Source)
at io.restassured.internal.ResponseSpecificationImpl.validateResponseIfRequired(ResponseSpecificationImpl.groovy:696)
at io.restassured.internal.ResponseSpecificationImpl.this$2$validateResponseIfRequired(ResponseSpecificationImpl.groovy)
at java.base/jdk.internal.reflect.NativeMethodAccessorImpl.invoke0(Native Method)
at java.base/jdk.internal.reflect.NativeMethodAccessorImpl.invoke(NativeMethodAccessorImpl.java:77)
at java.base/jdk.internal.reflect.DelegatingMethodAccessorImpl.invoke(DelegatingMethodAccessorImpl.java:43)
at java.base/java.lang.reflect.Method.invoke(Method.java:568)
at org.codehaus.groovy.runtime.callsite.PlainObjectMetaMethodSite.doInvoke(PlainObjectMetaMethodSite.java:43)
at org.codehaus.groovy.runtime.callsite.PogoMetaMethodSite$PogoCachedMethodSiteNoUnwrapNoCoerce.invoke(PogoMetaMethodSite.java:198)
at org.codehaus.groovy.runtime.callsite.PogoMetaMethodSite.callCurrent(PogoMetaMethodSite.java:62)
at org.codehaus.groovy.runtime.callsite.AbstractCallSite.callCurrent(AbstractCallSite.java:185)
at io.restassured.internal.ResponseSpecificationImpl.header(ResponseSpecificationImpl.groovy:191)
at io.restassured.specification.ResponseSpecification$header$0.callCurrent(Unknown Source)
at io.restassured.internal.ResponseSpecificationImpl.header(ResponseSpecificationImpl.groovy:198)
at io.restassured.internal.ValidatableResponseOptionsImpl.header(ValidatableResponseOptionsImpl.java:124)
at com.api.tests.apachePOIexcelDDT.createUserPostAPIdataDrivenAutomationTest(apachePOIexcelDDT.java:48)
at java.base/jdk.internal.reflect.NativeMethodAccessorImpl.invoke0(Native Method)
at java.base/jdk.internal.reflect.NativeMethodAccessorImpl.invoke(NativeMethodAccessorImpl.java:77)
at java.base/jdk.internal.reflect.DelegatingMethodAccessorImpl.invoke(DelegatingMethodAccessorImpl.java:43)
at java.base/java.lang.reflect.Method.invoke(Method.java:568)
at org.testng.internal.invokers.MethodInvocationHelper.invokeMethod(MethodInvocationHelper.java:141)
at org.testng.internal.invokers.TestInvoker.invokeMethod(TestInvoker.java:686)
at org.testng.internal.invokers.TestInvoker.invokeTestMethod(TestInvoker.java:230)
at org.testng.internal.invokers.MethodRunner.runInSequence(MethodRunner.java:63)
at org.testng.internal.invokers.TestInvoker$MethodInvocationAgent.invoke(TestInvoker.java:992)
at org.testng.internal.invokers.TestInvoker.invokeTestMethods(TestInvoker.java:203)
at org.testng.internal.invokers.TestMethodWorker.invokeTestMethods(TestMethodWorker.java:154)
at org.testng.internal.invokers.TestMethodWorker.run(TestMethodWorker.java:134)
at java.base/java.util.ArrayList.forEach(ArrayList.java:1511)
at org.testng.TestRunner.privateRun(TestRunner.java:739)
at org.testng.TestRunner.run(TestRunner.java:614)
at org.testng.SuiteRunner.runTest(SuiteRunner.java:421)
at org.testng.SuiteRunner.runSequentially(SuiteRunner.java:413)
at org.testng.SuiteRunner.privateRun(SuiteRunner.java:373)
at org.testng.SuiteRunner.run(SuiteRunner.java:312)
at org.testng.SuiteRunnerWorker.runSuite(SuiteRunnerWorker.java:52)
at org.testng.SuiteRunnerWorker.run(SuiteRunnerWorker.java:95)
at org.testng.TestNG.runSuitesSequentially(TestNG.java:1274)
at org.testng.TestNG.runSuitesLocally(TestNG.java:1208)
at org.testng.TestNG.runSuites(TestNG.java:1112)
at org.testng.TestNG.run(TestNG.java:1079)
at org.testng.remote.AbstractRemoteTestNG.run(AbstractRemoteTestNG.java:115)
at org.testng.remote.RemoteTestNG.initAndRun(RemoteTestNG.java:293)
at org.testng.remote.RemoteTestNG.main(RemoteTestNG.java:91)
]]>
    </failure>
  </testcase> <!-- createUserPostAPIdataDrivenAutomationTest -->
  <testcase classname="com.api.tests.apachePOIexcelDDT" name="createUserPostAPIdataDrivenAutomationTest" time="45.499">
    <failure message="1 expectation failed.
Expected header &quot;Content-Type&quot; was not &quot;application/json; charset=utf-8&quot;, was &quot;text/html; charset=UTF-8&quot;. Headers are:
Date=Fri, 10 Jan 2025 03:27:57 GMT
Content-Type=text/html; charset=UTF-8
Content-Length=7066
Connection=keep-alive
Report-To={&quot;endpoints&quot;:[{&quot;url&quot;:&quot;https:\/\/a.nel.cloudflare.com\/report\/v4?s=elnyfq2%2FEKT4DekE3oDjgxycuOUk3xto%2FhBfpPNWyMU3Ye8K3leHcEGGBGIOWQ6sk5tRGgHTG2qb%2BRGHUATgXbWJBKGVlYxhCIyhTKm11wF3NzN3Rh0oJ2Xn99ya67E%3D&quot;}],&quot;group&quot;:&quot;cf-nel&quot;,&quot;max_age&quot;:604800}
NEL={&quot;success_fraction&quot;:0,&quot;report_to&quot;:&quot;cf-nel&quot;,&quot;max_age&quot;:604800}
X-Frame-Options=SAMEORIGIN
Referrer-Policy=same-origin
Cache-Control=private, max-age=0, no-store, no-cache, must-revalidate, post-check=0, pre-check=0
Expires=Thu, 01 Jan 1970 00:00:01 GMT
Server=cloudflare
CF-RAY=8ff9920e9b85e191-MRS
alt-svc=h3=&quot;:443&quot;; ma=86400
server-timing=cfL4;desc=&quot;?proto=TCP&amp;rtt=270808&amp;min_rtt=270808&amp;rtt_var=135404&amp;sent=8&amp;recv=8&amp;lost=0&amp;retrans=2&amp;sent_bytes=5384&amp;recv_bytes=1018&amp;delivery_rate=1754&amp;cwnd=124&amp;unsent_bytes=0&amp;cid=4ed992909db21d46&amp;ts=40720&amp;x=0&quot;
" type="java.lang.AssertionError">
      <![CDATA[java.lang.AssertionError: 1 expectation failed.
Expected header "Content-Type" was not "application/json; charset=utf-8", was "text/html; charset=UTF-8". Headers are:
Date=Fri, 10 Jan 2025 03:27:57 GMT
Content-Type=text/html; charset=UTF-8
Content-Length=7066
Connection=keep-alive
Report-To={"endpoints":[{"url":"https:\/\/a.nel.cloudflare.com\/report\/v4?s=elnyfq2%2FEKT4DekE3oDjgxycuOUk3xto%2FhBfpPNWyMU3Ye8K3leHcEGGBGIOWQ6sk5tRGgHTG2qb%2BRGHUATgXbWJBKGVlYxhCIyhTKm11wF3NzN3Rh0oJ2Xn99ya67E%3D"}],"group":"cf-nel","max_age":604800}
NEL={"success_fraction":0,"report_to":"cf-nel","max_age":604800}
X-Frame-Options=SAMEORIGIN
Referrer-Policy=same-origin
Cache-Control=private, max-age=0, no-store, no-cache, must-revalidate, post-check=0, pre-check=0
Expires=Thu, 01 Jan 1970 00:00:01 GMT
Server=cloudflare
CF-RAY=8ff9920e9b85e191-MRS
alt-svc=h3=":443"; ma=86400
server-timing=cfL4;desc="?proto=TCP&rtt=270808&min_rtt=270808&rtt_var=135404&sent=8&recv=8&lost=0&retrans=2&sent_bytes=5384&recv_bytes=1018&delivery_rate=1754&cwnd=124&unsent_bytes=0&cid=4ed992909db21d46&ts=40720&x=0"

at java.base/jdk.internal.reflect.NativeConstructorAccessorImpl.newInstance0(Native Method)
at java.base/jdk.internal.reflect.NativeConstructorAccessorImpl.newInstance(NativeConstructorAccessorImpl.java:77)
at java.base/jdk.internal.reflect.DelegatingConstructorAccessorImpl.newInstance(DelegatingConstructorAccessorImpl.java:45)
at java.base/java.lang.reflect.Constructor.newInstanceWithCaller(Constructor.java:499)
at java.base/java.lang.reflect.Constructor.newInstance(Constructor.java:480)
at org.codehaus.groovy.reflection.CachedConstructor.invoke(CachedConstructor.java:73)
at org.codehaus.groovy.runtime.callsite.ConstructorSite$ConstructorSiteNoUnwrapNoCoerce.callConstructor(ConstructorSite.java:108)
at org.codehaus.groovy.runtime.callsite.CallSiteArray.defaultCallConstructor(CallSiteArray.java:57)
at org.codehaus.groovy.runtime.callsite.AbstractCallSite.callConstructor(AbstractCallSite.java:263)
at org.codehaus.groovy.runtime.callsite.AbstractCallSite.callConstructor(AbstractCallSite.java:277)
at io.restassured.internal.ResponseSpecificationImpl$HamcrestAssertionClosure.validate(ResponseSpecificationImpl.groovy:512)
at io.restassured.internal.ResponseSpecificationImpl$HamcrestAssertionClosure$validate$1.call(Unknown Source)
at org.codehaus.groovy.runtime.callsite.CallSiteArray.defaultCall(CallSiteArray.java:45)
at org.codehaus.groovy.runtime.callsite.AbstractCallSite.call(AbstractCallSite.java:125)
at org.codehaus.groovy.runtime.callsite.AbstractCallSite.call(AbstractCallSite.java:139)
at io.restassured.internal.ResponseSpecificationImpl.validateResponseIfRequired(ResponseSpecificationImpl.groovy:696)
at io.restassured.internal.ResponseSpecificationImpl.this$2$validateResponseIfRequired(ResponseSpecificationImpl.groovy)
at java.base/jdk.internal.reflect.NativeMethodAccessorImpl.invoke0(Native Method)
at java.base/jdk.internal.reflect.NativeMethodAccessorImpl.invoke(NativeMethodAccessorImpl.java:77)
at java.base/jdk.internal.reflect.DelegatingMethodAccessorImpl.invoke(DelegatingMethodAccessorImpl.java:43)
at java.base/java.lang.reflect.Method.invoke(Method.java:568)
at org.codehaus.groovy.runtime.callsite.PlainObjectMetaMethodSite.doInvoke(PlainObjectMetaMethodSite.java:43)
at org.codehaus.groovy.runtime.callsite.PogoMetaMethodSite$PogoCachedMethodSiteNoUnwrapNoCoerce.invoke(PogoMetaMethodSite.java:198)
at org.codehaus.groovy.runtime.callsite.PogoMetaMethodSite.callCurrent(PogoMetaMethodSite.java:62)
at org.codehaus.groovy.runtime.callsite.CallSiteArray.defaultCallCurrent(CallSiteArray.java:49)
at org.codehaus.groovy.runtime.callsite.AbstractCallSite.callCurrent(AbstractCallSite.java:171)
at org.codehaus.groovy.runtime.callsite.AbstractCallSite.callCurrent(AbstractCallSite.java:185)
at io.restassured.internal.ResponseSpecificationImpl.header(ResponseSpecificationImpl.groovy:191)
at io.restassured.specification.ResponseSpecification$header$0.callCurrent(Unknown Source)
at org.codehaus.groovy.runtime.callsite.CallSiteArray.defaultCallCurrent(CallSiteArray.java:49)
at org.codehaus.groovy.runtime.callsite.AbstractCallSite.callCurrent(AbstractCallSite.java:171)
at org.codehaus.groovy.runtime.callsite.AbstractCallSite.callCurrent(AbstractCallSite.java:194)
at io.restassured.internal.ResponseSpecificationImpl.header(ResponseSpecificationImpl.groovy:198)
at io.restassured.internal.ValidatableResponseOptionsImpl.header(ValidatableResponseOptionsImpl.java:124)
at com.api.tests.apachePOIexcelDDT.createUserPostAPIdataDrivenAutomationTest(apachePOIexcelDDT.java:48)
at java.base/jdk.internal.reflect.NativeMethodAccessorImpl.invoke0(Native Method)
at java.base/jdk.internal.reflect.NativeMethodAccessorImpl.invoke(NativeMethodAccessorImpl.java:77)
at java.base/jdk.internal.reflect.DelegatingMethodAccessorImpl.invoke(DelegatingMethodAccessorImpl.java:43)
at java.base/java.lang.reflect.Method.invoke(Method.java:568)
at org.testng.internal.invokers.MethodInvocationHelper.invokeMethod(MethodInvocationHelper.java:141)
at org.testng.internal.invokers.TestInvoker.invokeMethod(TestInvoker.java:686)
at org.testng.internal.invokers.TestInvoker.invokeTestMethod(TestInvoker.java:230)
at org.testng.internal.invokers.MethodRunner.runInSequence(MethodRunner.java:63)
at org.testng.internal.invokers.TestInvoker$MethodInvocationAgent.invoke(TestInvoker.java:992)
at org.testng.internal.invokers.TestInvoker.invokeTestMethods(TestInvoker.java:203)
at org.testng.internal.invokers.TestMethodWorker.invokeTestMethods(TestMethodWorker.java:154)
at org.testng.internal.invokers.TestMethodWorker.run(TestMethodWorker.java:134)
at java.base/java.util.ArrayList.forEach(ArrayList.java:1511)
at org.testng.TestRunner.privateRun(TestRunner.java:739)
at org.testng.TestRunner.run(TestRunner.java:614)
at org.testng.SuiteRunner.runTest(SuiteRunner.java:421)
at org.testng.SuiteRunner.runSequentially(SuiteRunner.java:413)
at org.testng.SuiteRunner.privateRun(SuiteRunner.java:373)
at org.testng.SuiteRunner.run(SuiteRunner.java:312)
at org.testng.SuiteRunnerWorker.runSuite(SuiteRunnerWorker.java:52)
at org.testng.SuiteRunnerWorker.run(SuiteRunnerWorker.java:95)
at org.testng.TestNG.runSuitesSequentially(TestNG.java:1274)
at org.testng.TestNG.runSuitesLocally(TestNG.java:1208)
at org.testng.TestNG.runSuites(TestNG.java:1112)
at org.testng.TestNG.run(TestNG.java:1079)
at org.testng.remote.AbstractRemoteTestNG.run(AbstractRemoteTestNG.java:115)
at org.testng.remote.RemoteTestNG.initAndRun(RemoteTestNG.java:293)
at org.testng.remote.RemoteTestNG.main(RemoteTestNG.java:91)
]]>
    </failure>
  </testcase> <!-- createUserPostAPIdataDrivenAutomationTest -->
</testsuite> <!-- com.api.tests.apachePOIexcelDDT -->
