<?xml version="1.0" encoding="UTF-8"?>
<!-- Generated by org.testng.reporters.JUnitReportReporter -->
<testsuite hostname="WL-MS-743" failures="0" tests="1" name="com.api.tests.excelUtilsReadWriteOperations" time="0.640" errors="0" timestamp="2025-03-13T09:54:50 IST" skipped="0">
  <testcase classname="com.api.tests.excelUtilsReadWriteOperations" name="setCellData" time="0.640"/>
</testsuite> <!-- com.api.tests.excelUtilsReadWriteOperations -->
